2025-09-28 00:30:20,646 INFO o.a.j.u.JMeterUtils: Setting Locale to en_EN
2025-09-28 00:30:20,653 INFO o.a.j.JMeter: Loading user properties from: user.properties
2025-09-28 00:30:20,654 INFO o.a.j.JMeter: Loading system properties from: system.properties
2025-09-28 00:30:20,656 INFO o.a.j.JMeter: Copyright (c) 1998-2024 The Apache Software Foundation
2025-09-28 00:30:20,656 INFO o.a.j.JMeter: Version 5.6.3
2025-09-28 00:30:20,656 INFO o.a.j.JMeter: java.version=1.8.0_412
2025-09-28 00:30:20,656 INFO o.a.j.JMeter: java.vm.name=OpenJDK 64-Bit Server VM
2025-09-28 00:30:20,657 INFO o.a.j.JMeter: os.name=Linux
2025-09-28 00:30:20,657 INFO o.a.j.JMeter: os.arch=amd64
2025-09-28 00:30:20,657 INFO o.a.j.JMeter: os.version=6.8.0-65-generic
2025-09-28 00:30:20,657 INFO o.a.j.JMeter: file.encoding=UTF-8
2025-09-28 00:30:20,657 INFO o.a.j.JMeter: java.awt.headless=null
2025-09-28 00:30:20,657 INFO o.a.j.JMeter: Max memory     =1073741824
2025-09-28 00:30:20,657 INFO o.a.j.JMeter: Available Processors =20
2025-09-28 00:30:20,659 INFO o.a.j.JMeter: Default Locale=English (EN)
2025-09-28 00:30:20,659 INFO o.a.j.JMeter: JMeter  Locale=English (EN)
2025-09-28 00:30:20,659 INFO o.a.j.JMeter: JMeterHome=/usr/local/jmeter/jmeter_inter/node_1
2025-09-28 00:30:20,659 INFO o.a.j.JMeter: user.dir  =/usr/local/jmeter/jmeter_inter/node_1/bin
2025-09-28 00:30:20,659 INFO o.a.j.JMeter: PWD       =/usr/local/jmeter/jmeter_inter/node_1/bin
2025-09-28 00:30:20,659 INFO o.a.j.JMeter: IP: 127.0.1.1 Name: test-olt7D99 FullName: test-olt7D99
