2025-09-28 00:29:54,896 INFO o.a.j.u.JMeterUtils: Setting Locale to en_EN
2025-09-28 00:29:54,903 INFO o.a.j.JMeter: Loading user properties from: user.properties
2025-09-28 00:29:54,903 INFO o.a.j.JMeter: Loading system properties from: system.properties
2025-09-28 00:29:54,906 INFO o.a.j.JMeter: Copyright (c) 1998-2024 The Apache Software Foundation
2025-09-28 00:29:54,906 INFO o.a.j.JMeter: Version 5.6.3
2025-09-28 00:29:54,906 INFO o.a.j.JMeter: java.version=1.8.0_412
2025-09-28 00:29:54,906 INFO o.a.j.JMeter: java.vm.name=OpenJDK 64-Bit Server VM
2025-09-28 00:29:54,906 INFO o.a.j.JMeter: os.name=Linux
2025-09-28 00:29:54,906 INFO o.a.j.JMeter: os.arch=amd64
2025-09-28 00:29:54,906 INFO o.a.j.JMeter: os.version=6.8.0-65-generic
2025-09-28 00:29:54,906 INFO o.a.j.JMeter: file.encoding=UTF-8
2025-09-28 00:29:54,906 INFO o.a.j.JMeter: java.awt.headless=null
2025-09-28 00:29:54,906 INFO o.a.j.JMeter: Max memory     =1073741824
2025-09-28 00:29:54,906 INFO o.a.j.JMeter: Available Processors =20
2025-09-28 00:29:54,908 INFO o.a.j.JMeter: Default Locale=English (EN)
2025-09-28 00:29:54,908 INFO o.a.j.JMeter: JMeter  Locale=English (EN)
2025-09-28 00:29:54,908 INFO o.a.j.JMeter: JMeterHome=/usr/local/jmeter/jmeter_inter/node_0
2025-09-28 00:29:54,908 INFO o.a.j.JMeter: user.dir  =/usr/local/jmeter/jmeter_inter/node_0/bin
2025-09-28 00:29:54,908 INFO o.a.j.JMeter: PWD       =/usr/local/jmeter/jmeter_inter/node_0/bin
2025-09-28 00:29:54,908 INFO o.a.j.JMeter: IP: 127.0.1.1 Name: test-olt7D99 FullName: test-olt7D99
